--watch/-w can be omitted, JSON Server 1+ watches for file changes by default
JSON Server started on PORT :3000
Press CTRL-C to stop
Watching autok.json...

♡( ◡‿◡ )

Index:
http://localhost:3000/

Static files:
Serving ./public directory if it exists

Endpoints:
http://localhost:3000/autok
--watch/-w can be omitted, JSON Server 1+ watches for file changes by default
JSON Server started on PORT :3000
Press CTRL-C to stop
Watching autok.json...

♡⸜(˶˃ ᵕ ˂˶)⸝♡

Index:
http://localhost:3000/

Static files:
Serving ./public directory if it exists

Endpoints:
http://localhost:3000/autok
--watch/-w can be omitted, JSON Server 1+ watches for file changes by default
JSON Server started on PORT :3000
Press CTRL-C to stop
Watching autok.json...

♡⸜(˶˃ ᵕ ˂˶)⸝♡

Index:
http://localhost:3000/

Static files:
Serving ./public directory if it exists

Endpoints:
http://localhost:3000/autok

Error parsing autok.json
Unexpected end of JSON input
--watch/-w can be omitted, JSON Server 1+ watches for file changes by default
JSON Server started on PORT :3000
Press CTRL-C to stop
Watching autok.json...

(˶ᵔ ᵕ ᵔ˶)

Index:
http://localhost:3000/

Static files:
Serving ./public directory if it exists

Endpoints:
http://localhost:3000/autok
--watch/-w can be omitted, JSON Server 1+ watches for file changes by default
JSON Server started on PORT :3000
Press CTRL-C to stop
Watching autok.json...

(˶ᵔ ᵕ ᵔ˶)

Index:
http://localhost:3000/

Static files:
Serving ./public directory if it exists

Endpoints:
http://localhost:3000/autok
--watch/-w can be omitted, JSON Server 1+ watches for file changes by default
JSON Server started on PORT :3000
Press CTRL-C to stop
Watching autok.json...

♡⸜(˶˃ ᵕ ˂˶)⸝♡

Index:
http://localhost:3000/

Static files:
Serving ./public directory if it exists

Endpoints:
http://localhost:3000/autok
